This file contains any messages produced by compilers while
running configure, to aid debugging if configure makes a mistake.

It was created by configure, which was
generated by GNU Autoconf 2.59.  Invocation command line was

  $ ./configure --x-includes=/usr/include/X11 --x-libraries=/usr/libraries/X11 --enable-debug

## --------- ##
## Platform. ##
## --------- ##

hostname = X1
uname -m = i686
uname -r = 3.5.0-39-generic
uname -s = Linux
uname -v = #60-Ubuntu SMP Tue Aug 13 18:35:04 UTC 2013

/usr/bin/uname -p = unknown
/bin/uname -X     = unknown

/bin/arch              = unknown
/usr/bin/arch -k       = unknown
/usr/convex/getsysinfo = unknown
hostinfo               = unknown
/bin/machine           = unknown
/usr/bin/oslevel       = unknown
/bin/universe          = unknown

PATH: /home/pawel/bin
PATH: /usr/lib/lightdm/lightdm
PATH: /usr/local/sbin
PATH: /usr/local/bin
PATH: /usr/sbin
PATH: /usr/bin
PATH: /sbin
PATH: /bin
PATH: /usr/games
PATH: /usr/local/games
PATH: /home/pawel/bin


## ----------- ##
## Core tests. ##
## ----------- ##

configure:1603: checking for gcc
configure:1619: found /usr/bin/gcc
configure:1629: result: gcc
configure:1873: checking for C compiler version
configure:1876: gcc --version </dev/null >&5
gcc (Ubuntu/Linaro 4.7.2-2ubuntu1) 4.7.2
Copyright (C) 2012 Free Software Foundation, Inc.
This is free software; see the source for copying conditions.  There is NO
warranty; not even for MERCHANTABILITY or FITNESS FOR A PARTICULAR PURPOSE.

configure:1879: $? = 0
configure:1881: gcc -v </dev/null >&5
Using built-in specs.
COLLECT_GCC=gcc
COLLECT_LTO_WRAPPER=/usr/lib/gcc/i686-linux-gnu/4.7/lto-wrapper
Target: i686-linux-gnu
Configured with: ../src/configure -v --with-pkgversion='Ubuntu/Linaro 4.7.2-2ubuntu1' --with-bugurl=file:///usr/share/doc/gcc-4.7/README.Bugs --enable-languages=c,c++,go,fortran,objc,obj-c++ --prefix=/usr --program-suffix=-4.7 --enable-shared --enable-linker-build-id --with-system-zlib --libexecdir=/usr/lib --without-included-gettext --enable-threads=posix --with-gxx-include-dir=/usr/include/c++/4.7 --libdir=/usr/lib --enable-nls --with-sysroot=/ --enable-clocale=gnu --enable-libstdcxx-debug --enable-libstdcxx-time=yes --enable-gnu-unique-object --enable-plugin --enable-objc-gc --enable-targets=all --disable-werror --with-arch-32=i686 --with-tune=generic --enable-checking=release --build=i686-linux-gnu --host=i686-linux-gnu --target=i686-linux-gnu
Thread model: posix
gcc version 4.7.2 (Ubuntu/Linaro 4.7.2-2ubuntu1) 
configure:1884: $? = 0
configure:1886: gcc -V </dev/null >&5
gcc: error: unrecognized command line option '-V'
gcc: fatal error: no input files
compilation terminated.
configure:1889: $? = 4
configure:1912: checking for C compiler default output file name
configure:1915: gcc    conftest.c  >&5
configure:1918: $? = 0
configure:1964: result: a.out
configure:1969: checking whether the C compiler works
configure:1975: ./a.out
configure:1978: $? = 0
configure:1995: result: yes
configure:2002: checking whether we are cross compiling
configure:2004: result: no
configure:2007: checking for suffix of executables
configure:2009: gcc -o conftest    conftest.c  >&5
configure:2012: $? = 0
configure:2037: result: 
configure:2043: checking for suffix of object files
configure:2064: gcc -c   conftest.c >&5
configure:2067: $? = 0
configure:2089: result: o
configure:2093: checking whether we are using the GNU C compiler
configure:2117: gcc -c   conftest.c >&5
configure:2123: $? = 0
configure:2127: test -z 
			 || test ! -s conftest.err
configure:2130: $? = 0
configure:2133: test -s conftest.o
configure:2136: $? = 0
configure:2149: result: yes
configure:2155: checking whether gcc accepts -g
configure:2176: gcc -c -g  conftest.c >&5
configure:2182: $? = 0
configure:2186: test -z 
			 || test ! -s conftest.err
configure:2189: $? = 0
configure:2192: test -s conftest.o
configure:2195: $? = 0
configure:2206: result: yes
configure:2223: checking for gcc option to accept ANSI C
configure:2293: gcc  -c   conftest.c >&5
configure:2299: $? = 0
configure:2303: test -z 
			 || test ! -s conftest.err
configure:2306: $? = 0
configure:2309: test -s conftest.o
configure:2312: $? = 0
configure:2330: result: none needed
configure:2348: gcc -c   conftest.c >&5
conftest.c:2:3: error: unknown type name 'choke'
conftest.c:2:3: error: expected '=', ',', ';', 'asm' or '__attribute__' at end of input
configure:2354: $? = 1
configure: failed program was:
| #ifndef __cplusplus
|   choke me
| #endif
configure:2539: checking for g++
configure:2555: found /usr/bin/g++
configure:2565: result: g++
configure:2581: checking for C++ compiler version
configure:2584: g++ --version </dev/null >&5
g++ (Ubuntu/Linaro 4.7.2-2ubuntu1) 4.7.2
Copyright (C) 2012 Free Software Foundation, Inc.
This is free software; see the source for copying conditions.  There is NO
warranty; not even for MERCHANTABILITY or FITNESS FOR A PARTICULAR PURPOSE.

configure:2587: $? = 0
configure:2589: g++ -v </dev/null >&5
Using built-in specs.
COLLECT_GCC=g++
COLLECT_LTO_WRAPPER=/usr/lib/gcc/i686-linux-gnu/4.7/lto-wrapper
Target: i686-linux-gnu
Configured with: ../src/configure -v --with-pkgversion='Ubuntu/Linaro 4.7.2-2ubuntu1' --with-bugurl=file:///usr/share/doc/gcc-4.7/README.Bugs --enable-languages=c,c++,go,fortran,objc,obj-c++ --prefix=/usr --program-suffix=-4.7 --enable-shared --enable-linker-build-id --with-system-zlib --libexecdir=/usr/lib --without-included-gettext --enable-threads=posix --with-gxx-include-dir=/usr/include/c++/4.7 --libdir=/usr/lib --enable-nls --with-sysroot=/ --enable-clocale=gnu --enable-libstdcxx-debug --enable-libstdcxx-time=yes --enable-gnu-unique-object --enable-plugin --enable-objc-gc --enable-targets=all --disable-werror --with-arch-32=i686 --with-tune=generic --enable-checking=release --build=i686-linux-gnu --host=i686-linux-gnu --target=i686-linux-gnu
Thread model: posix
gcc version 4.7.2 (Ubuntu/Linaro 4.7.2-2ubuntu1) 
configure:2592: $? = 0
configure:2594: g++ -V </dev/null >&5
g++: error: unrecognized command line option '-V'
g++: fatal error: no input files
compilation terminated.
configure:2597: $? = 4
configure:2600: checking whether we are using the GNU C++ compiler
configure:2624: g++ -c   conftest.cc >&5
configure:2630: $? = 0
configure:2634: test -z 
			 || test ! -s conftest.err
configure:2637: $? = 0
configure:2640: test -s conftest.o
configure:2643: $? = 0
configure:2656: result: yes
configure:2662: checking whether g++ accepts -g
configure:2683: g++ -c -g  conftest.cc >&5
configure:2689: $? = 0
configure:2693: test -z 
			 || test ! -s conftest.err
configure:2696: $? = 0
configure:2699: test -s conftest.o
configure:2702: $? = 0
configure:2713: result: yes
configure:2755: g++ -c   conftest.cc >&5
configure:2761: $? = 0
configure:2765: test -z 
			 || test ! -s conftest.err
configure:2768: $? = 0
configure:2771: test -s conftest.o
configure:2774: $? = 0
configure:2800: g++ -c   conftest.cc >&5
conftest.cc: In function 'int main()':
conftest.cc:13:9: error: 'exit' was not declared in this scope
configure:2806: $? = 1
configure: failed program was:
| /* confdefs.h.  */
| 
| #define PACKAGE_NAME ""
| #define PACKAGE_TARNAME ""
| #define PACKAGE_VERSION ""
| #define PACKAGE_STRING ""
| #define PACKAGE_BUGREPORT ""
| /* end confdefs.h.  */
| 
| int
| main ()
| {
| exit (42);
|   ;
|   return 0;
| }
configure:2755: g++ -c   conftest.cc >&5
conftest.cc:9:40: error: 'void std::exit(int)' should have been declared inside 'std'
configure:2761: $? = 1
configure: failed program was:
| /* confdefs.h.  */
| 
| #define PACKAGE_NAME ""
| #define PACKAGE_TARNAME ""
| #define PACKAGE_VERSION ""
| #define PACKAGE_STRING ""
| #define PACKAGE_BUGREPORT ""
| /* end confdefs.h.  */
| extern "C" void std::exit (int) throw (); using std::exit;
| #include <stdlib.h>
| int
| main ()
| {
| exit (42);
|   ;
|   return 0;
| }
configure:2755: g++ -c   conftest.cc >&5
conftest.cc:9:31: error: 'void std::exit(int)' should have been declared inside 'std'
In file included from conftest.cc:10:0:
/usr/include/stdlib.h:544:70: error: declaration of 'void std::exit(int) throw ()' has a different exception specifier
conftest.cc:9:17: error: from previous declaration 'void std::exit(int)'
configure:2761: $? = 1
configure: failed program was:
| /* confdefs.h.  */
| 
| #define PACKAGE_NAME ""
| #define PACKAGE_TARNAME ""
| #define PACKAGE_VERSION ""
| #define PACKAGE_STRING ""
| #define PACKAGE_BUGREPORT ""
| /* end confdefs.h.  */
| extern "C" void std::exit (int); using std::exit;
| #include <stdlib.h>
| int
| main ()
| {
| exit (42);
|   ;
|   return 0;
| }
configure:2755: g++ -c   conftest.cc >&5
configure:2761: $? = 0
configure:2765: test -z 
			 || test ! -s conftest.err
configure:2768: $? = 0
configure:2771: test -s conftest.o
configure:2774: $? = 0
configure:2800: g++ -c   conftest.cc >&5
configure:2806: $? = 0
configure:2810: test -z 
			 || test ! -s conftest.err
configure:2813: $? = 0
configure:2816: test -s conftest.o
configure:2819: $? = 0
configure:2844: checking for nroff
configure:2862: found /usr/bin/nroff
configure:2874: result: /usr/bin/nroff
configure:2929: checking for htmldoc
configure:2962: result: no
configure:3008: checking for ranlib
configure:3024: found /usr/bin/ranlib
configure:3035: result: ranlib
configure:3049: checking for ar
configure:3067: found /usr/bin/ar
configure:3079: result: /usr/bin/ar
configure:3105: checking whether byte ordering is bigendian
configure:3132: gcc -c   conftest.c >&5
configure:3138: $? = 0
configure:3142: test -z 
			 || test ! -s conftest.err
configure:3145: $? = 0
configure:3148: test -s conftest.o
configure:3151: $? = 0
configure:3175: gcc -c   conftest.c >&5
conftest.c: In function 'main':
conftest.c:19:2: error: unknown type name 'not'
conftest.c:19:10: error: expected '=', ',', ';', 'asm' or '__attribute__' before 'endian'
configure:3181: $? = 1
configure: failed program was:
| /* confdefs.h.  */
| 
| #define PACKAGE_NAME ""
| #define PACKAGE_TARNAME ""
| #define PACKAGE_VERSION ""
| #define PACKAGE_STRING ""
| #define PACKAGE_BUGREPORT ""
| #ifdef __cplusplus
| extern "C" void exit (int) throw ();
| #endif
| /* end confdefs.h.  */
| #include <sys/types.h>
| #include <sys/param.h>
| 
| int
| main ()
| {
| #if BYTE_ORDER != BIG_ENDIAN
|  not big endian
| #endif
| 
|   ;
|   return 0;
| }
configure:3316: result: no
configure:3341: checking how to run the C preprocessor
configure:3376: gcc -E  conftest.c
configure:3382: $? = 0
configure:3414: gcc -E  conftest.c
conftest.c:12:28: fatal error: ac_nonexistent.h: No such file or directory
compilation terminated.
configure:3420: $? = 1
configure: failed program was:
| /* confdefs.h.  */
| 
| #define PACKAGE_NAME ""
| #define PACKAGE_TARNAME ""
| #define PACKAGE_VERSION ""
| #define PACKAGE_STRING ""
| #define PACKAGE_BUGREPORT ""
| #ifdef __cplusplus
| extern "C" void exit (int) throw ();
| #endif
| /* end confdefs.h.  */
| #include <ac_nonexistent.h>
configure:3459: result: gcc -E
configure:3483: gcc -E  conftest.c
configure:3489: $? = 0
configure:3521: gcc -E  conftest.c
conftest.c:12:28: fatal error: ac_nonexistent.h: No such file or directory
compilation terminated.
configure:3527: $? = 1
configure: failed program was:
| /* confdefs.h.  */
| 
| #define PACKAGE_NAME ""
| #define PACKAGE_TARNAME ""
| #define PACKAGE_VERSION ""
| #define PACKAGE_STRING ""
| #define PACKAGE_BUGREPORT ""
| #ifdef __cplusplus
| extern "C" void exit (int) throw ();
| #endif
| /* end confdefs.h.  */
| #include <ac_nonexistent.h>
configure:3571: checking for egrep
configure:3581: result: grep -E
configure:3586: checking for ANSI C header files
configure:3611: gcc -c   conftest.c >&5
configure:3617: $? = 0
configure:3621: test -z 
			 || test ! -s conftest.err
configure:3624: $? = 0
configure:3627: test -s conftest.o
configure:3630: $? = 0
configure:3719: gcc -o conftest    conftest.c  >&5
conftest.c: In function 'main':
conftest.c:29:7: warning: incompatible implicit declaration of built-in function 'exit' [enabled by default]
configure:3722: $? = 0
configure:3724: ./conftest
configure:3727: $? = 0
configure:3742: result: yes
configure:3766: checking for sys/types.h
configure:3782: gcc -c   conftest.c >&5
configure:3788: $? = 0
configure:3792: test -z 
			 || test ! -s conftest.err
configure:3795: $? = 0
configure:3798: test -s conftest.o
configure:3801: $? = 0
configure:3812: result: yes
configure:3766: checking for sys/stat.h
configure:3782: gcc -c   conftest.c >&5
configure:3788: $? = 0
configure:3792: test -z 
			 || test ! -s conftest.err
configure:3795: $? = 0
configure:3798: test -s conftest.o
configure:3801: $? = 0
configure:3812: result: yes
configure:3766: checking for stdlib.h
configure:3782: gcc -c   conftest.c >&5
configure:3788: $? = 0
configure:3792: test -z 
			 || test ! -s conftest.err
configure:3795: $? = 0
configure:3798: test -s conftest.o
configure:3801: $? = 0
configure:3812: result: yes
configure:3766: checking for string.h
configure:3782: gcc -c   conftest.c >&5
configure:3788: $? = 0
configure:3792: test -z 
			 || test ! -s conftest.err
configure:3795: $? = 0
configure:3798: test -s conftest.o
configure:3801: $? = 0
configure:3812: result: yes
configure:3766: checking for memory.h
configure:3782: gcc -c   conftest.c >&5
configure:3788: $? = 0
configure:3792: test -z 
			 || test ! -s conftest.err
configure:3795: $? = 0
configure:3798: test -s conftest.o
configure:3801: $? = 0
configure:3812: result: yes
configure:3766: checking for strings.h
configure:3782: gcc -c   conftest.c >&5
configure:3788: $? = 0
configure:3792: test -z 
			 || test ! -s conftest.err
configure:3795: $? = 0
configure:3798: test -s conftest.o
configure:3801: $? = 0
configure:3812: result: yes
configure:3766: checking for inttypes.h
configure:3782: gcc -c   conftest.c >&5
configure:3788: $? = 0
configure:3792: test -z 
			 || test ! -s conftest.err
configure:3795: $? = 0
configure:3798: test -s conftest.o
configure:3801: $? = 0
configure:3812: result: yes
configure:3766: checking for stdint.h
configure:3782: gcc -c   conftest.c >&5
configure:3788: $? = 0
configure:3792: test -z 
			 || test ! -s conftest.err
configure:3795: $? = 0
configure:3798: test -s conftest.o
configure:3801: $? = 0
configure:3812: result: yes
configure:3766: checking for unistd.h
configure:3782: gcc -c   conftest.c >&5
configure:3788: $? = 0
configure:3792: test -z 
			 || test ! -s conftest.err
configure:3795: $? = 0
configure:3798: test -s conftest.o
configure:3801: $? = 0
configure:3812: result: yes
configure:3824: checking for short
configure:3848: gcc -c   conftest.c >&5
configure:3854: $? = 0
configure:3858: test -z 
			 || test ! -s conftest.err
configure:3861: $? = 0
configure:3864: test -s conftest.o
configure:3867: $? = 0
configure:3878: result: yes
configure:3881: checking size of short
configure:4200: gcc -o conftest    conftest.c  >&5
configure:4203: $? = 0
configure:4205: ./conftest
configure:4208: $? = 0
configure:4231: result: 2
configure:4238: checking for int
configure:4262: gcc -c   conftest.c >&5
configure:4268: $? = 0
configure:4272: test -z 
			 || test ! -s conftest.err
configure:4275: $? = 0
configure:4278: test -s conftest.o
configure:4281: $? = 0
configure:4292: result: yes
configure:4295: checking size of int
configure:4614: gcc -o conftest    conftest.c  >&5
configure:4617: $? = 0
configure:4619: ./conftest
configure:4622: $? = 0
configure:4645: result: 4
configure:4652: checking for long
configure:4676: gcc -c   conftest.c >&5
configure:4682: $? = 0
configure:4686: test -z 
			 || test ! -s conftest.err
configure:4689: $? = 0
configure:4692: test -s conftest.o
configure:4695: $? = 0
configure:4706: result: yes
configure:4709: checking size of long
configure:5028: gcc -o conftest    conftest.c  >&5
configure:5031: $? = 0
configure:5033: ./conftest
configure:5036: $? = 0
configure:5059: result: 4
configure:5100: checking whether the compiler recognizes bool as a built-in type
configure:5137: g++ -c   conftest.cc >&5
configure:5143: $? = 0
configure:5147: test -z 
			 || test ! -s conftest.err
configure:5150: $? = 0
configure:5153: test -s conftest.o
configure:5156: $? = 0
configure:5174: result: yes
configure:5189: checking for dirent.h that defines DIR
configure:5213: gcc -c   conftest.c >&5
configure:5219: $? = 0
configure:5223: test -z 
			 || test ! -s conftest.err
configure:5226: $? = 0
configure:5229: test -s conftest.o
configure:5232: $? = 0
configure:5243: result: yes
configure:5256: checking for library containing opendir
configure:5286: gcc -o conftest    conftest.c  >&5
configure:5292: $? = 0
configure:5296: test -z 
			 || test ! -s conftest.err
configure:5299: $? = 0
configure:5302: test -s conftest
configure:5305: $? = 0
configure:5375: result: none required
configure:5521: checking sys/select.h usability
configure:5533: gcc -c   conftest.c >&5
configure:5539: $? = 0
configure:5543: test -z 
			 || test ! -s conftest.err
configure:5546: $? = 0
configure:5549: test -s conftest.o
configure:5552: $? = 0
configure:5562: result: yes
configure:5566: checking sys/select.h presence
configure:5576: gcc -E  conftest.c
configure:5582: $? = 0
configure:5602: result: yes
configure:5637: checking for sys/select.h
configure:5644: result: yes
configure:5666: checking sys/stdtypes.h usability
configure:5678: gcc -c   conftest.c >&5
conftest.c:63:26: fatal error: sys/stdtypes.h: No such file or directory
compilation terminated.
configure:5684: $? = 1
configure: failed program was:
| /* confdefs.h.  */
| 
| #define PACKAGE_NAME ""
| #define PACKAGE_TARNAME ""
| #define PACKAGE_VERSION ""
| #define PACKAGE_STRING ""
| #define PACKAGE_BUGREPORT ""
| #ifdef __cplusplus
| extern "C" void exit (int) throw ();
| #endif
| #define STDC_HEADERS 1
| #define HAVE_SYS_TYPES_H 1
| #define HAVE_SYS_STAT_H 1
| #define HAVE_STDLIB_H 1
| #define HAVE_STRING_H 1
| #define HAVE_MEMORY_H 1
| #define HAVE_STRINGS_H 1
| #define HAVE_INTTYPES_H 1
| #define HAVE_STDINT_H 1
| #define HAVE_UNISTD_H 1
| #define SIZEOF_SHORT 2
| #define SIZEOF_INT 4
| #define SIZEOF_LONG 4
| #define U16 unsigned short
| #define U32 unsigned
| #define HAVE_DIRENT_H 1
| #define HAVE_SYS_SELECT_H 1
| /* end confdefs.h.  */
| #include <stdio.h>
| #if HAVE_SYS_TYPES_H
| # include <sys/types.h>
| #endif
| #if HAVE_SYS_STAT_H
| # include <sys/stat.h>
| #endif
| #if STDC_HEADERS
| # include <stdlib.h>
| # include <stddef.h>
| #else
| # if HAVE_STDLIB_H
| #  include <stdlib.h>
| # endif
| #endif
| #if HAVE_STRING_H
| # if !STDC_HEADERS && HAVE_MEMORY_H
| #  include <memory.h>
| # endif
| # include <string.h>
| #endif
| #if HAVE_STRINGS_H
| # include <strings.h>
| #endif
| #if HAVE_INTTYPES_H
| # include <inttypes.h>
| #else
| # if HAVE_STDINT_H
| #  include <stdint.h>
| # endif
| #endif
| #if HAVE_UNISTD_H
| # include <unistd.h>
| #endif
| #include <sys/stdtypes.h>
configure:5707: result: no
configure:5711: checking sys/stdtypes.h presence
configure:5721: gcc -E  conftest.c
conftest.c:29:26: fatal error: sys/stdtypes.h: No such file or directory
compilation terminated.
configure:5727: $? = 1
configure: failed program was:
| /* confdefs.h.  */
| 
| #define PACKAGE_NAME ""
| #define PACKAGE_TARNAME ""
| #define PACKAGE_VERSION ""
| #define PACKAGE_STRING ""
| #define PACKAGE_BUGREPORT ""
| #ifdef __cplusplus
| extern "C" void exit (int) throw ();
| #endif
| #define STDC_HEADERS 1
| #define HAVE_SYS_TYPES_H 1
| #define HAVE_SYS_STAT_H 1
| #define HAVE_STDLIB_H 1
| #define HAVE_STRING_H 1
| #define HAVE_MEMORY_H 1
| #define HAVE_STRINGS_H 1
| #define HAVE_INTTYPES_H 1
| #define HAVE_STDINT_H 1
| #define HAVE_UNISTD_H 1
| #define SIZEOF_SHORT 2
| #define SIZEOF_INT 4
| #define SIZEOF_LONG 4
| #define U16 unsigned short
| #define U32 unsigned
| #define HAVE_DIRENT_H 1
| #define HAVE_SYS_SELECT_H 1
| /* end confdefs.h.  */
| #include <sys/stdtypes.h>
configure:5747: result: no
configure:5782: checking for sys/stdtypes.h
configure:5789: result: no
configure:5801: checking for scandir
configure:5858: gcc -o conftest    conftest.c  >&5
configure:5864: $? = 0
configure:5868: test -z 
			 || test ! -s conftest.err
configure:5871: $? = 0
configure:5874: test -s conftest
configure:5877: $? = 0
configure:5889: result: yes
configure:5906: checking for string.h
configure:5911: result: yes
configure:6051: checking for strings.h
configure:6056: result: yes
configure:6196: checking for snprintf
configure:6253: gcc -o conftest    conftest.c  >&5
conftest.c:56:6: warning: conflicting types for built-in function 'snprintf' [enabled by default]
configure:6259: $? = 0
configure:6263: test -z 
			 || test ! -s conftest.err
configure:6266: $? = 0
configure:6269: test -s conftest
configure:6272: $? = 0
configure:6284: result: yes
configure:6325: checking for vsnprintf
configure:6382: gcc -o conftest    conftest.c  >&5
conftest.c:57:6: warning: conflicting types for built-in function 'vsnprintf' [enabled by default]
configure:6388: $? = 0
configure:6392: test -z 
			 || test ! -s conftest.err
configure:6395: $? = 0
configure:6398: test -s conftest
configure:6401: $? = 0
configure:6413: result: yes
configure:6454: checking for strcasecmp
configure:6511: gcc -o conftest    conftest.c  >&5
conftest.c:58:6: warning: conflicting types for built-in function 'strcasecmp' [enabled by default]
configure:6517: $? = 0
configure:6521: test -z 
			 || test ! -s conftest.err
configure:6524: $? = 0
configure:6527: test -s conftest
configure:6530: $? = 0
configure:6542: result: yes
configure:6563: checking for strdup
configure:6620: gcc -o conftest    conftest.c  >&5
conftest.c:59:6: warning: conflicting types for built-in function 'strdup' [enabled by default]
configure:6626: $? = 0
configure:6630: test -z 
			 || test ! -s conftest.err
configure:6633: $? = 0
configure:6636: test -s conftest
configure:6639: $? = 0
configure:6651: result: yes
configure:6660: checking for strncasecmp
configure:6717: gcc -o conftest    conftest.c  >&5
conftest.c:60:6: warning: conflicting types for built-in function 'strncasecmp' [enabled by default]
configure:6723: $? = 0
configure:6727: test -z 
			 || test ! -s conftest.err
configure:6730: $? = 0
configure:6733: test -s conftest
configure:6736: $? = 0
configure:6748: result: yes
configure:6769: checking for strlcat
configure:6826: gcc -o conftest    conftest.c  >&5
/tmp/ccwogI34.o: In function `main':
conftest.c:(.text+0x9): undefined reference to `strlcat'
/tmp/ccwogI34.o:(.data+0x0): undefined reference to `strlcat'
collect2: error: ld returned 1 exit status
configure:6832: $? = 1
configure: failed program was:
| /* confdefs.h.  */
| 
| #define PACKAGE_NAME ""
| #define PACKAGE_TARNAME ""
| #define PACKAGE_VERSION ""
| #define PACKAGE_STRING ""
| #define PACKAGE_BUGREPORT ""
| #ifdef __cplusplus
| extern "C" void exit (int) throw ();
| #endif
| #define STDC_HEADERS 1
| #define HAVE_SYS_TYPES_H 1
| #define HAVE_SYS_STAT_H 1
| #define HAVE_STDLIB_H 1
| #define HAVE_STRING_H 1
| #define HAVE_MEMORY_H 1
| #define HAVE_STRINGS_H 1
| #define HAVE_INTTYPES_H 1
| #define HAVE_STDINT_H 1
| #define HAVE_UNISTD_H 1
| #define SIZEOF_SHORT 2
| #define SIZEOF_INT 4
| #define SIZEOF_LONG 4
| #define U16 unsigned short
| #define U32 unsigned
| #define HAVE_DIRENT_H 1
| #define HAVE_SYS_SELECT_H 1
| #define HAVE_SCANDIR 1
| #define HAVE_STRING_H 1
| #define HAVE_STRINGS_H 1
| #define HAVE_SNPRINTF 1
| #define HAVE_VSNPRINTF 1
| #define HAVE_STRCASECMP 1
| #define HAVE_STRDUP 1
| #define HAVE_STRNCASECMP 1
| /* end confdefs.h.  */
| /* Define strlcat to an innocuous variant, in case <limits.h> declares strlcat.
|    For example, HP-UX 11i <limits.h> declares gettimeofday.  */
| #define strlcat innocuous_strlcat
| 
| /* System header to define __stub macros and hopefully few prototypes,
|     which can conflict with char strlcat (); below.
|     Prefer <limits.h> to <assert.h> if __STDC__ is defined, since
|     <limits.h> exists even on freestanding compilers.  */
| 
| #ifdef __STDC__
| # include <limits.h>
| #else
| # include <assert.h>
| #endif
| 
| #undef strlcat
| 
| /* Override any gcc2 internal prototype to avoid an error.  */
| #ifdef __cplusplus
| extern "C"
| {
| #endif
| /* We use char because int might match the return type of a gcc2
|    builtin and then its argument prototype would still apply.  */
| char strlcat ();
| /* The GNU C library defines this for functions which it implements
|     to always fail with ENOSYS.  Some functions are actually named
|     something starting with __ and the normal name is an alias.  */
| #if defined (__stub_strlcat) || defined (__stub___strlcat)
| choke me
| #else
| char (*f) () = strlcat;
| #endif
| #ifdef __cplusplus
| }
| #endif
| 
| int
| main ()
| {
| return f != strlcat;
|   ;
|   return 0;
| }
configure:6857: result: no
configure:6866: checking for strlcpy
configure:6923: gcc -o conftest    conftest.c  >&5
/tmp/ccJuQQ8a.o: In function `main':
conftest.c:(.text+0x9): undefined reference to `strlcpy'
/tmp/ccJuQQ8a.o:(.data+0x0): undefined reference to `strlcpy'
collect2: error: ld returned 1 exit status
configure:6929: $? = 1
configure: failed program was:
| /* confdefs.h.  */
| 
| #define PACKAGE_NAME ""
| #define PACKAGE_TARNAME ""
| #define PACKAGE_VERSION ""
| #define PACKAGE_STRING ""
| #define PACKAGE_BUGREPORT ""
| #ifdef __cplusplus
| extern "C" void exit (int) throw ();
| #endif
| #define STDC_HEADERS 1
| #define HAVE_SYS_TYPES_H 1
| #define HAVE_SYS_STAT_H 1
| #define HAVE_STDLIB_H 1
| #define HAVE_STRING_H 1
| #define HAVE_MEMORY_H 1
| #define HAVE_STRINGS_H 1
| #define HAVE_INTTYPES_H 1
| #define HAVE_STDINT_H 1
| #define HAVE_UNISTD_H 1
| #define SIZEOF_SHORT 2
| #define SIZEOF_INT 4
| #define SIZEOF_LONG 4
| #define U16 unsigned short
| #define U32 unsigned
| #define HAVE_DIRENT_H 1
| #define HAVE_SYS_SELECT_H 1
| #define HAVE_SCANDIR 1
| #define HAVE_STRING_H 1
| #define HAVE_STRINGS_H 1
| #define HAVE_SNPRINTF 1
| #define HAVE_VSNPRINTF 1
| #define HAVE_STRCASECMP 1
| #define HAVE_STRDUP 1
| #define HAVE_STRNCASECMP 1
| /* end confdefs.h.  */
| /* Define strlcpy to an innocuous variant, in case <limits.h> declares strlcpy.
|    For example, HP-UX 11i <limits.h> declares gettimeofday.  */
| #define strlcpy innocuous_strlcpy
| 
| /* System header to define __stub macros and hopefully few prototypes,
|     which can conflict with char strlcpy (); below.
|     Prefer <limits.h> to <assert.h> if __STDC__ is defined, since
|     <limits.h> exists even on freestanding compilers.  */
| 
| #ifdef __STDC__
| # include <limits.h>
| #else
| # include <assert.h>
| #endif
| 
| #undef strlcpy
| 
| /* Override any gcc2 internal prototype to avoid an error.  */
| #ifdef __cplusplus
| extern "C"
| {
| #endif
| /* We use char because int might match the return type of a gcc2
|    builtin and then its argument prototype would still apply.  */
| char strlcpy ();
| /* The GNU C library defines this for functions which it implements
|     to always fail with ENOSYS.  Some functions are actually named
|     something starting with __ and the normal name is an alias.  */
| #if defined (__stub_strlcpy) || defined (__stub___strlcpy)
| choke me
| #else
| char (*f) () = strlcpy;
| #endif
| #ifdef __cplusplus
| }
| #endif
| 
| int
| main ()
| {
| return f != strlcpy;
|   ;
|   return 0;
| }
configure:6954: result: no
configure:6964: checking for library containing pow
configure:6994: gcc -o conftest    conftest.c  >&5
conftest.c:44:6: warning: conflicting types for built-in function 'pow' [enabled by default]
/tmp/ccgiHSdh.o: In function `main':
conftest.c:(.text+0x7): undefined reference to `pow'
collect2: error: ld returned 1 exit status
configure:7000: $? = 1
configure: failed program was:
| /* confdefs.h.  */
| 
| #define PACKAGE_NAME ""
| #define PACKAGE_TARNAME ""
| #define PACKAGE_VERSION ""
| #define PACKAGE_STRING ""
| #define PACKAGE_BUGREPORT ""
| #ifdef __cplusplus
| extern "C" void exit (int) throw ();
| #endif
| #define STDC_HEADERS 1
| #define HAVE_SYS_TYPES_H 1
| #define HAVE_SYS_STAT_H 1
| #define HAVE_STDLIB_H 1
| #define HAVE_STRING_H 1
| #define HAVE_MEMORY_H 1
| #define HAVE_STRINGS_H 1
| #define HAVE_INTTYPES_H 1
| #define HAVE_STDINT_H 1
| #define HAVE_UNISTD_H 1
| #define SIZEOF_SHORT 2
| #define SIZEOF_INT 4
| #define SIZEOF_LONG 4
| #define U16 unsigned short
| #define U32 unsigned
| #define HAVE_DIRENT_H 1
| #define HAVE_SYS_SELECT_H 1
| #define HAVE_SCANDIR 1
| #define HAVE_STRING_H 1
| #define HAVE_STRINGS_H 1
| #define HAVE_SNPRINTF 1
| #define HAVE_VSNPRINTF 1
| #define HAVE_STRCASECMP 1
| #define HAVE_STRDUP 1
| #define HAVE_STRNCASECMP 1
| /* end confdefs.h.  */
| 
| /* Override any gcc2 internal prototype to avoid an error.  */
| #ifdef __cplusplus
| extern "C"
| #endif
| /* We use char because int might match the return type of a gcc2
|    builtin and then its argument prototype would still apply.  */
| char pow ();
| int
| main ()
| {
| pow ();
|   ;
|   return 0;
| }
configure:7049: gcc -o conftest    conftest.c -lm   >&5
conftest.c:44:6: warning: conflicting types for built-in function 'pow' [enabled by default]
configure:7055: $? = 0
configure:7059: test -z 
			 || test ! -s conftest.err
configure:7062: $? = 0
configure:7065: test -s conftest
configure:7068: $? = 0
configure:7083: result: -lm
configure:7111: checking jpeglib.h usability
configure:7123: gcc -c   conftest.c >&5
conftest.c:71:21: fatal error: jpeglib.h: No such file or directory
compilation terminated.
configure:7129: $? = 1
configure: failed program was:
| /* confdefs.h.  */
| 
| #define PACKAGE_NAME ""
| #define PACKAGE_TARNAME ""
| #define PACKAGE_VERSION ""
| #define PACKAGE_STRING ""
| #define PACKAGE_BUGREPORT ""
| #ifdef __cplusplus
| extern "C" void exit (int) throw ();
| #endif
| #define STDC_HEADERS 1
| #define HAVE_SYS_TYPES_H 1
| #define HAVE_SYS_STAT_H 1
| #define HAVE_STDLIB_H 1
| #define HAVE_STRING_H 1
| #define HAVE_MEMORY_H 1
| #define HAVE_STRINGS_H 1
| #define HAVE_INTTYPES_H 1
| #define HAVE_STDINT_H 1
| #define HAVE_UNISTD_H 1
| #define SIZEOF_SHORT 2
| #define SIZEOF_INT 4
| #define SIZEOF_LONG 4
| #define U16 unsigned short
| #define U32 unsigned
| #define HAVE_DIRENT_H 1
| #define HAVE_SYS_SELECT_H 1
| #define HAVE_SCANDIR 1
| #define HAVE_STRING_H 1
| #define HAVE_STRINGS_H 1
| #define HAVE_SNPRINTF 1
| #define HAVE_VSNPRINTF 1
| #define HAVE_STRCASECMP 1
| #define HAVE_STRDUP 1
| #define HAVE_STRNCASECMP 1
| /* end confdefs.h.  */
| #include <stdio.h>
| #if HAVE_SYS_TYPES_H
| # include <sys/types.h>
| #endif
| #if HAVE_SYS_STAT_H
| # include <sys/stat.h>
| #endif
| #if STDC_HEADERS
| # include <stdlib.h>
| # include <stddef.h>
| #else
| # if HAVE_STDLIB_H
| #  include <stdlib.h>
| # endif
| #endif
| #if HAVE_STRING_H
| # if !STDC_HEADERS && HAVE_MEMORY_H
| #  include <memory.h>
| # endif
| # include <string.h>
| #endif
| #if HAVE_STRINGS_H
| # include <strings.h>
| #endif
| #if HAVE_INTTYPES_H
| # include <inttypes.h>
| #else
| # if HAVE_STDINT_H
| #  include <stdint.h>
| # endif
| #endif
| #if HAVE_UNISTD_H
| # include <unistd.h>
| #endif
| #include <jpeglib.h>
configure:7152: result: no
configure:7156: checking jpeglib.h presence
configure:7166: gcc -E  conftest.c
conftest.c:37:21: fatal error: jpeglib.h: No such file or directory
compilation terminated.
configure:7172: $? = 1
configure: failed program was:
| /* confdefs.h.  */
| 
| #define PACKAGE_NAME ""
| #define PACKAGE_TARNAME ""
| #define PACKAGE_VERSION ""
| #define PACKAGE_STRING ""
| #define PACKAGE_BUGREPORT ""
| #ifdef __cplusplus
| extern "C" void exit (int) throw ();
| #endif
| #define STDC_HEADERS 1
| #define HAVE_SYS_TYPES_H 1
| #define HAVE_SYS_STAT_H 1
| #define HAVE_STDLIB_H 1
| #define HAVE_STRING_H 1
| #define HAVE_MEMORY_H 1
| #define HAVE_STRINGS_H 1
| #define HAVE_INTTYPES_H 1
| #define HAVE_STDINT_H 1
| #define HAVE_UNISTD_H 1
| #define SIZEOF_SHORT 2
| #define SIZEOF_INT 4
| #define SIZEOF_LONG 4
| #define U16 unsigned short
| #define U32 unsigned
| #define HAVE_DIRENT_H 1
| #define HAVE_SYS_SELECT_H 1
| #define HAVE_SCANDIR 1
| #define HAVE_STRING_H 1
| #define HAVE_STRINGS_H 1
| #define HAVE_SNPRINTF 1
| #define HAVE_VSNPRINTF 1
| #define HAVE_STRCASECMP 1
| #define HAVE_STRDUP 1
| #define HAVE_STRNCASECMP 1
| /* end confdefs.h.  */
| #include <jpeglib.h>
configure:7192: result: no
configure:7227: checking for jpeglib.h
configure:7234: result: no
configure:7351: checking zlib.h usability
configure:7363: gcc -c   conftest.c >&5
configure:7369: $? = 0
configure:7373: test -z 
			 || test ! -s conftest.err
configure:7376: $? = 0
configure:7379: test -s conftest.o
configure:7382: $? = 0
configure:7392: result: yes
configure:7396: checking zlib.h presence
configure:7406: gcc -E  conftest.c
configure:7412: $? = 0
configure:7432: result: yes
configure:7467: checking for zlib.h
configure:7474: result: yes
configure:7480: checking for gzopen in -lz
configure:7510: gcc -o conftest    conftest.c -lz  -lm  >&5
configure:7516: $? = 0
configure:7520: test -z 
			 || test ! -s conftest.err
configure:7523: $? = 0
configure:7526: test -s conftest
configure:7529: $? = 0
configure:7542: result: yes
configure:7590: checking png.h usability
configure:7602: gcc -c   conftest.c >&5
configure:7608: $? = 0
configure:7612: test -z 
			 || test ! -s conftest.err
configure:7615: $? = 0
configure:7618: test -s conftest.o
configure:7621: $? = 0
configure:7631: result: yes
configure:7635: checking png.h presence
configure:7645: gcc -E  conftest.c
configure:7651: $? = 0
configure:7671: result: yes
configure:7706: checking for png.h
configure:7713: result: yes
configure:7735: checking libpng/png.h usability
configure:7747: gcc -c   conftest.c >&5
configure:7753: $? = 0
configure:7757: test -z 
			 || test ! -s conftest.err
configure:7760: $? = 0
configure:7763: test -s conftest.o
configure:7766: $? = 0
configure:7776: result: yes
configure:7780: checking libpng/png.h presence
configure:7790: gcc -E  conftest.c
configure:7796: $? = 0
configure:7816: result: yes
configure:7851: checking for libpng/png.h
configure:7858: result: yes
configure:7871: checking for png_read_rows in -lpng
configure:7901: gcc -o conftest    conftest.c -lpng  -lm  -lz >&5
configure:7907: $? = 0
configure:7911: test -z 
			 || test ! -s conftest.err
configure:7914: $? = 0
configure:7917: test -s conftest
configure:7920: $? = 0
configure:7933: result: yes
configure:7949: checking for png_get_valid
configure:8006: gcc -o conftest    conftest.c -lpng -lm  -lz >&5
configure:8012: $? = 0
configure:8016: test -z 
			 || test ! -s conftest.err
configure:8019: $? = 0
configure:8022: test -s conftest
configure:8025: $? = 0
configure:8037: result: yes
configure:7949: checking for png_set_tRNS_to_alpha
configure:8006: gcc -o conftest    conftest.c -lpng -lm  -lz >&5
configure:8012: $? = 0
configure:8016: test -z 
			 || test ! -s conftest.err
configure:8019: $? = 0
configure:8022: test -s conftest
configure:8025: $? = 0
configure:8037: result: yes
configure:8088: checking pthread.h usability
configure:8100: gcc -c   conftest.c >&5
configure:8106: $? = 0
configure:8110: test -z 
			 || test ! -s conftest.err
configure:8113: $? = 0
configure:8116: test -s conftest.o
configure:8119: $? = 0
configure:8129: result: yes
configure:8133: checking pthread.h presence
configure:8143: gcc -E  conftest.c
configure:8149: $? = 0
configure:8169: result: yes
configure:8204: checking for pthread.h
configure:8211: result: yes
configure:8224: checking for pthread_create in -lpthread
configure:8254: gcc -o conftest    conftest.c -lpthread  -lm  >&5
configure:8260: $? = 0
configure:8264: test -z 
			 || test ! -s conftest.err
configure:8267: $? = 0
configure:8270: test -s conftest
configure:8273: $? = 0
configure:8286: result: yes
configure:8744: checking for X
configure:8974: result: libraries /usr/libraries/X11, headers /usr/include/X11
configure:9146: gcc -o conftest    conftest.c -lpthread -lm   -L/usr/libraries/X11 -lX11 >&5
configure:9152: $? = 0
configure:9156: test -z 
			 || test ! -s conftest.err
configure:9159: $? = 0
configure:9162: test -s conftest
configure:9165: $? = 0
configure:9323: checking for gethostbyname
configure:9380: gcc -o conftest    conftest.c -lpthread -lm  >&5
configure:9386: $? = 0
configure:9390: test -z 
			 || test ! -s conftest.err
configure:9393: $? = 0
configure:9396: test -s conftest
configure:9399: $? = 0
configure:9411: result: yes
configure:9562: checking for connect
configure:9619: gcc -o conftest    conftest.c -lpthread -lm  >&5
configure:9625: $? = 0
configure:9629: test -z 
			 || test ! -s conftest.err
configure:9632: $? = 0
configure:9635: test -s conftest
configure:9638: $? = 0
configure:9650: result: yes
configure:9725: checking for remove
configure:9782: gcc -o conftest    conftest.c -lpthread -lm  >&5
configure:9788: $? = 0
configure:9792: test -z 
			 || test ! -s conftest.err
configure:9795: $? = 0
configure:9798: test -s conftest
configure:9801: $? = 0
configure:9813: result: yes
configure:9888: checking for shmat
configure:9945: gcc -o conftest    conftest.c -lpthread -lm  >&5
configure:9951: $? = 0
configure:9955: test -z 
			 || test ! -s conftest.err
configure:9958: $? = 0
configure:9961: test -s conftest
configure:9964: $? = 0
configure:9976: result: yes
configure:10060: checking for IceConnectionNumber in -lICE
configure:10090: gcc -o conftest    -L/usr/libraries/X11 conftest.c -lICE  -lpthread -lm  >&5
configure:10096: $? = 0
configure:10100: test -z 
			 || test ! -s conftest.err
configure:10103: $? = 0
configure:10106: test -s conftest
configure:10109: $? = 0
configure:10122: result: yes
configure:10140: WARNING: Ignoring libraries " -lSM -lICE" requested by configure.
configure:10156: checking for library containing dlopen
configure:10186: gcc -o conftest  -I/usr/include/X11   -L/usr/libraries/X11  conftest.c -lpthread -lm  -lXext  >&5
/tmp/ccFTGrr1.o: In function `main':
conftest.c:(.text+0x7): undefined reference to `dlopen'
collect2: error: ld returned 1 exit status
configure:10192: $? = 1
configure: failed program was:
| /* confdefs.h.  */
| 
| #define PACKAGE_NAME ""
| #define PACKAGE_TARNAME ""
| #define PACKAGE_VERSION ""
| #define PACKAGE_STRING ""
| #define PACKAGE_BUGREPORT ""
| #ifdef __cplusplus
| extern "C" void exit (int) throw ();
| #endif
| #define STDC_HEADERS 1
| #define HAVE_SYS_TYPES_H 1
| #define HAVE_SYS_STAT_H 1
| #define HAVE_STDLIB_H 1
| #define HAVE_STRING_H 1
| #define HAVE_MEMORY_H 1
| #define HAVE_STRINGS_H 1
| #define HAVE_INTTYPES_H 1
| #define HAVE_STDINT_H 1
| #define HAVE_UNISTD_H 1
| #define SIZEOF_SHORT 2
| #define SIZEOF_INT 4
| #define SIZEOF_LONG 4
| #define U16 unsigned short
| #define U32 unsigned
| #define HAVE_DIRENT_H 1
| #define HAVE_SYS_SELECT_H 1
| #define HAVE_SCANDIR 1
| #define HAVE_STRING_H 1
| #define HAVE_STRINGS_H 1
| #define HAVE_SNPRINTF 1
| #define HAVE_VSNPRINTF 1
| #define HAVE_STRCASECMP 1
| #define HAVE_STRDUP 1
| #define HAVE_STRNCASECMP 1
| #define HAVE_LIBJPEG 1
| #define HAVE_LOCAL_JPEG_H 1
| #define HAVE_LIBZ 1
| #define HAVE_PNG_H 1
| #define HAVE_LIBPNG_PNG_H 1
| #define HAVE_LIBPNG 1
| #define HAVE_PNG_GET_VALID 1
| #define HAVE_PNG_SET_TRNS_TO_ALPHA 1
| #define HAVE_PTHREAD_H 1
| #define HAVE_LIBPTHREAD 1
| #define HAVE_PTHREAD 1
| /* end confdefs.h.  */
| 
| /* Override any gcc2 internal prototype to avoid an error.  */
| #ifdef __cplusplus
| extern "C"
| #endif
| /* We use char because int might match the return type of a gcc2
|    builtin and then its argument prototype would still apply.  */
| char dlopen ();
| int
| main ()
| {
| dlopen ();
|   ;
|   return 0;
| }
configure:10241: gcc -o conftest  -I/usr/include/X11   -L/usr/libraries/X11  conftest.c -ldl  -lpthread -lm  -lXext  >&5
configure:10247: $? = 0
configure:10251: test -z 
			 || test ! -s conftest.err
configure:10254: $? = 0
configure:10257: test -s conftest
configure:10260: $? = 0
configure:10275: result: -ldl
configure:10292: checking GL/gl.h usability
configure:10304: gcc -c  -I/usr/include/X11  conftest.c >&5
configure:10310: $? = 0
configure:10314: test -z 
			 || test ! -s conftest.err
configure:10317: $? = 0
configure:10320: test -s conftest.o
configure:10323: $? = 0
configure:10333: result: yes
configure:10337: checking GL/gl.h presence
configure:10347: gcc -E  -I/usr/include/X11 conftest.c
configure:10353: $? = 0
configure:10373: result: yes
configure:10408: checking for GL/gl.h
configure:10415: result: yes
configure:10421: checking for glXMakeCurrent in -lGL
configure:10451: gcc -o conftest  -I/usr/include/X11   -L/usr/libraries/X11  conftest.c -lGL -lm -ldl -lpthread -lm  -lXext  >&5
configure:10457: $? = 0
configure:10461: test -z 
			 || test ! -s conftest.err
configure:10464: $? = 0
configure:10467: test -s conftest
configure:10470: $? = 0
configure:10483: result: yes
configure:10582: checking GL/glu.h usability
configure:10594: gcc -c  -I/usr/include/X11  conftest.c >&5
configure:10600: $? = 0
configure:10604: test -z 
			 || test ! -s conftest.err
configure:10607: $? = 0
configure:10610: test -s conftest.o
configure:10613: $? = 0
configure:10623: result: yes
configure:10627: checking GL/glu.h presence
configure:10637: gcc -E  -I/usr/include/X11 conftest.c
configure:10643: $? = 0
configure:10663: result: yes
configure:10698: checking for GL/glu.h
configure:10705: result: yes
configure:10774: checking for freetype-config
configure:10807: result: no
configure:10825: checking X11/Xft/Xft.h usability
configure:10837: gcc -c  -I/usr/include/X11   conftest.c >&5
conftest.c:84:25: fatal error: X11/Xft/Xft.h: No such file or directory
compilation terminated.
configure:10843: $? = 1
configure: failed program was:
| /* confdefs.h.  */
| 
| #define PACKAGE_NAME ""
| #define PACKAGE_TARNAME ""
| #define PACKAGE_VERSION ""
| #define PACKAGE_STRING ""
| #define PACKAGE_BUGREPORT ""
| #ifdef __cplusplus
| extern "C" void exit (int) throw ();
| #endif
| #define STDC_HEADERS 1
| #define HAVE_SYS_TYPES_H 1
| #define HAVE_SYS_STAT_H 1
| #define HAVE_STDLIB_H 1
| #define HAVE_STRING_H 1
| #define HAVE_MEMORY_H 1
| #define HAVE_STRINGS_H 1
| #define HAVE_INTTYPES_H 1
| #define HAVE_STDINT_H 1
| #define HAVE_UNISTD_H 1
| #define SIZEOF_SHORT 2
| #define SIZEOF_INT 4
| #define SIZEOF_LONG 4
| #define U16 unsigned short
| #define U32 unsigned
| #define HAVE_DIRENT_H 1
| #define HAVE_SYS_SELECT_H 1
| #define HAVE_SCANDIR 1
| #define HAVE_STRING_H 1
| #define HAVE_STRINGS_H 1
| #define HAVE_SNPRINTF 1
| #define HAVE_VSNPRINTF 1
| #define HAVE_STRCASECMP 1
| #define HAVE_STRDUP 1
| #define HAVE_STRNCASECMP 1
| #define HAVE_LIBJPEG 1
| #define HAVE_LOCAL_JPEG_H 1
| #define HAVE_LIBZ 1
| #define HAVE_PNG_H 1
| #define HAVE_LIBPNG_PNG_H 1
| #define HAVE_LIBPNG 1
| #define HAVE_PNG_GET_VALID 1
| #define HAVE_PNG_SET_TRNS_TO_ALPHA 1
| #define HAVE_PTHREAD_H 1
| #define HAVE_LIBPTHREAD 1
| #define HAVE_PTHREAD 1
| #define HAVE_GL 1
| #define HAVE_GL_GLU_H 1
| /* end confdefs.h.  */
| #include <stdio.h>
| #if HAVE_SYS_TYPES_H
| # include <sys/types.h>
| #endif
| #if HAVE_SYS_STAT_H
| # include <sys/stat.h>
| #endif
| #if STDC_HEADERS
| # include <stdlib.h>
| # include <stddef.h>
| #else
| # if HAVE_STDLIB_H
| #  include <stdlib.h>
| # endif
| #endif
| #if HAVE_STRING_H
| # if !STDC_HEADERS && HAVE_MEMORY_H
| #  include <memory.h>
| # endif
| # include <string.h>
| #endif
| #if HAVE_STRINGS_H
| # include <strings.h>
| #endif
| #if HAVE_INTTYPES_H
| # include <inttypes.h>
| #else
| # if HAVE_STDINT_H
| #  include <stdint.h>
| # endif
| #endif
| #if HAVE_UNISTD_H
| # include <unistd.h>
| #endif
| #include <X11/Xft/Xft.h>
configure:10866: result: no
configure:10870: checking X11/Xft/Xft.h presence
configure:10880: gcc -E   -I/usr/include/X11  conftest.c
conftest.c:50:25: fatal error: X11/Xft/Xft.h: No such file or directory
compilation terminated.
configure:10886: $? = 1
configure: failed program was:
| /* confdefs.h.  */
| 
| #define PACKAGE_NAME ""
| #define PACKAGE_TARNAME ""
| #define PACKAGE_VERSION ""
| #define PACKAGE_STRING ""
| #define PACKAGE_BUGREPORT ""
| #ifdef __cplusplus
| extern "C" void exit (int) throw ();
| #endif
| #define STDC_HEADERS 1
| #define HAVE_SYS_TYPES_H 1
| #define HAVE_SYS_STAT_H 1
| #define HAVE_STDLIB_H 1
| #define HAVE_STRING_H 1
| #define HAVE_MEMORY_H 1
| #define HAVE_STRINGS_H 1
| #define HAVE_INTTYPES_H 1
| #define HAVE_STDINT_H 1
| #define HAVE_UNISTD_H 1
| #define SIZEOF_SHORT 2
| #define SIZEOF_INT 4
| #define SIZEOF_LONG 4
| #define U16 unsigned short
| #define U32 unsigned
| #define HAVE_DIRENT_H 1
| #define HAVE_SYS_SELECT_H 1
| #define HAVE_SCANDIR 1
| #define HAVE_STRING_H 1
| #define HAVE_STRINGS_H 1
| #define HAVE_SNPRINTF 1
| #define HAVE_VSNPRINTF 1
| #define HAVE_STRCASECMP 1
| #define HAVE_STRDUP 1
| #define HAVE_STRNCASECMP 1
| #define HAVE_LIBJPEG 1
| #define HAVE_LOCAL_JPEG_H 1
| #define HAVE_LIBZ 1
| #define HAVE_PNG_H 1
| #define HAVE_LIBPNG_PNG_H 1
| #define HAVE_LIBPNG 1
| #define HAVE_PNG_GET_VALID 1
| #define HAVE_PNG_SET_TRNS_TO_ALPHA 1
| #define HAVE_PTHREAD_H 1
| #define HAVE_LIBPTHREAD 1
| #define HAVE_PTHREAD 1
| #define HAVE_GL 1
| #define HAVE_GL_GLU_H 1
| /* end confdefs.h.  */
| #include <X11/Xft/Xft.h>
configure:10906: result: no
configure:10941: checking for X11/Xft/Xft.h
configure:10948: result: no
configure:11039: checking for X11/extensions/Xdbe.h
configure:11055: gcc -c  -I/usr/include/X11   conftest.c >&5
configure:11061: $? = 0
configure:11065: test -z 
			 || test ! -s conftest.err
configure:11068: $? = 0
configure:11071: test -s conftest.o
configure:11074: $? = 0
configure:11085: result: yes
configure:11104: checking for X11/extensions/Xinerama.h
configure:11120: gcc -c  -I/usr/include/X11   conftest.c >&5
conftest.c:53:37: fatal error: X11/extensions/Xinerama.h: No such file or directory
compilation terminated.
configure:11126: $? = 1
configure: failed program was:
| /* confdefs.h.  */
| 
| #define PACKAGE_NAME ""
| #define PACKAGE_TARNAME ""
| #define PACKAGE_VERSION ""
| #define PACKAGE_STRING ""
| #define PACKAGE_BUGREPORT ""
| #ifdef __cplusplus
| extern "C" void exit (int) throw ();
| #endif
| #define STDC_HEADERS 1
| #define HAVE_SYS_TYPES_H 1
| #define HAVE_SYS_STAT_H 1
| #define HAVE_STDLIB_H 1
| #define HAVE_STRING_H 1
| #define HAVE_MEMORY_H 1
| #define HAVE_STRINGS_H 1
| #define HAVE_INTTYPES_H 1
| #define HAVE_STDINT_H 1
| #define HAVE_UNISTD_H 1
| #define SIZEOF_SHORT 2
| #define SIZEOF_INT 4
| #define SIZEOF_LONG 4
| #define U16 unsigned short
| #define U32 unsigned
| #define HAVE_DIRENT_H 1
| #define HAVE_SYS_SELECT_H 1
| #define HAVE_SCANDIR 1
| #define HAVE_STRING_H 1
| #define HAVE_STRINGS_H 1
| #define HAVE_SNPRINTF 1
| #define HAVE_VSNPRINTF 1
| #define HAVE_STRCASECMP 1
| #define HAVE_STRDUP 1
| #define HAVE_STRNCASECMP 1
| #define HAVE_LIBJPEG 1
| #define HAVE_LOCAL_JPEG_H 1
| #define HAVE_LIBZ 1
| #define HAVE_PNG_H 1
| #define HAVE_LIBPNG_PNG_H 1
| #define HAVE_LIBPNG 1
| #define HAVE_PNG_GET_VALID 1
| #define HAVE_PNG_SET_TRNS_TO_ALPHA 1
| #define HAVE_PTHREAD_H 1
| #define HAVE_LIBPTHREAD 1
| #define HAVE_PTHREAD 1
| #define HAVE_GL 1
| #define HAVE_GL_GLU_H 1
| #define HAVE_XDBE 1
| /* end confdefs.h.  */
| #include <X11/Xlib.h>
| 
| #include <X11/extensions/Xinerama.h>
configure:11150: result: no
configure:11165: checking for X overlay visuals
configure:11176: result: no
configure:11187: checking for Xutf8LookupString in -lX11
configure:11217: gcc -o conftest  -I/usr/include/X11    -L/usr/libraries/X11  conftest.c -lX11  -lXi -ldl -lpthread -lm  -lXext  >&5
configure:11223: $? = 0
configure:11227: test -z 
			 || test ! -s conftest.err
configure:11230: $? = 0
configure:11233: test -s conftest
configure:11236: $? = 0
configure:11249: result: yes
configure:11663: checking if libsupc++ is required
configure:11681: result: yes
configure:12148: creating ./config.status

## ---------------------- ##
## Running config.status. ##
## ---------------------- ##

This file was extended by config.status, which was
generated by GNU Autoconf 2.59.  Invocation command line was

  CONFIG_FILES    = 
  CONFIG_HEADERS  = 
  CONFIG_LINKS    = 
  CONFIG_COMMANDS = 
  $ ./config.status 

on X1

config.status:694: creating makeinclude
config.status:694: creating fltk.list
config.status:694: creating fltk2-config
config.status:797: creating config.h

## ---------------- ##
## Cache variables. ##
## ---------------- ##

ac_cv_c_bigendian=no
ac_cv_c_compiler_gnu=yes
ac_cv_cxx_bool=yes
ac_cv_cxx_compiler_gnu=yes
ac_cv_env_CC_set=
ac_cv_env_CC_value=
ac_cv_env_CFLAGS_set=
ac_cv_env_CFLAGS_value=
ac_cv_env_CPPFLAGS_set=
ac_cv_env_CPPFLAGS_value=
ac_cv_env_CPP_set=
ac_cv_env_CPP_value=
ac_cv_env_CXXFLAGS_set=
ac_cv_env_CXXFLAGS_value=
ac_cv_env_CXX_set=
ac_cv_env_CXX_value=
ac_cv_env_LDFLAGS_set=
ac_cv_env_LDFLAGS_value=
ac_cv_env_build_alias_set=
ac_cv_env_build_alias_value=
ac_cv_env_host_alias_set=
ac_cv_env_host_alias_value=
ac_cv_env_target_alias_set=
ac_cv_env_target_alias_value=
ac_cv_exeext=
ac_cv_func_connect=yes
ac_cv_func_gethostbyname=yes
ac_cv_func_png_get_valid=yes
ac_cv_func_png_set_tRNS_to_alpha=yes
ac_cv_func_remove=yes
ac_cv_func_scandir=yes
ac_cv_func_shmat=yes
ac_cv_func_snprintf=yes
ac_cv_func_strcasecmp=yes
ac_cv_func_strdup=yes
ac_cv_func_strlcat=no
ac_cv_func_strlcpy=no
ac_cv_func_strncasecmp=yes
ac_cv_func_vsnprintf=yes
ac_cv_have_overlay=no
ac_cv_have_x='have_x=yes 		ac_x_includes=/usr/include/X11 ac_x_libraries=/usr/libraries/X11'
ac_cv_header_GL_gl_h=yes
ac_cv_header_GL_glu_h=yes
ac_cv_header_X11_Xft_Xft_h=no
ac_cv_header_X11_extensions_Xdbe_h=yes
ac_cv_header_X11_extensions_Xinerama_h=no
ac_cv_header_dirent_dirent_h=yes
ac_cv_header_inttypes_h=yes
ac_cv_header_jpeglib_h=no
ac_cv_header_libpng_png_h=yes
ac_cv_header_memory_h=yes
ac_cv_header_png_h=yes
ac_cv_header_pthread_h=yes
ac_cv_header_stdc=yes
ac_cv_header_stdint_h=yes
ac_cv_header_stdlib_h=yes
ac_cv_header_string_h=yes
ac_cv_header_strings_h=yes
ac_cv_header_sys_select_h=yes
ac_cv_header_sys_stat_h=yes
ac_cv_header_sys_stdtypes_h=no
ac_cv_header_sys_types_h=yes
ac_cv_header_unistd_h=yes
ac_cv_header_zlib_h=yes
ac_cv_lib_GL_glXMakeCurrent=yes
ac_cv_lib_ICE_IceConnectionNumber=yes
ac_cv_lib_X11_Xutf8LookupString=yes
ac_cv_lib_png_png_read_rows=yes
ac_cv_lib_pthread_pthread_create=yes
ac_cv_lib_z_gzopen=yes
ac_cv_objext=o
ac_cv_path_AR=/usr/bin/ar
ac_cv_path_NROFF=/usr/bin/nroff
ac_cv_prog_CPP='gcc -E'
ac_cv_prog_ac_ct_CC=gcc
ac_cv_prog_ac_ct_CXX=g++
ac_cv_prog_ac_ct_RANLIB=ranlib
ac_cv_prog_cc_g=yes
ac_cv_prog_cc_stdc=
ac_cv_prog_cxx_g=yes
ac_cv_prog_egrep='grep -E'
ac_cv_search_dlopen=-ldl
ac_cv_search_opendir='none required'
ac_cv_search_pow=-lm
ac_cv_sizeof_int=4
ac_cv_sizeof_long=4
ac_cv_sizeof_short=2
ac_cv_type_int=yes
ac_cv_type_long=yes
ac_cv_type_short=yes

## ----------------- ##
## Output variables. ##
## ----------------- ##

AR='/usr/bin/ar'
BUILDTARGETS='programs'
CAT1EXT='1'
CAT3EXT='3'
CC='gcc'
CFLAGS=' -I/usr/include/X11'
CPP='gcc -E'
CPPFLAGS=' '
CXX='gcc'
CXXFLAGS='  -I/usr/include/X11 -Wno-non-virtual-dtor'
DEFS='-DHAVE_CONFIG_H'
DSOCOMMAND='echo'
DSOLINK=''
DSOPREFIX=''
DSOSUFFIX=''
DSOSYMLINK=''
DSOTARGET=''
ECHO_C=''
ECHO_N='-n'
ECHO_T=''
EGREP='grep -E'
EXEEXT=''
FLUID='fluid2'
FL_API_VERSION='2.0'
FL_MAJOR_VERSION='2'
FL_MINOR_VERSION='0'
FL_PATCH_VERSION='0'
FL_RELEASE_VERSION='a0'
FTCONFIG=''
GLDEMOS='gldemos'
GLLIB='-lGLU -lGL'
GROFF=''
HLINKS=''
HTMLDOC=''
IMAGELIBS='-lpng -lfltk2_images -lfltk2_jpeg -lz'
INSTALLTARGETS='install_programs'
LDFLAGS=' -L/usr/libraries/X11 '
LIBCOMMAND='/usr/bin/ar cr'
LIBOBJS=''
LIBPREFIX='lib'
LIBS='-lX11 -lXi -ldl -lpthread -lm  -lXext  -lsupc++'
LIBSUFFIX='.a'
LIBTARGET='static'
LINKFLTK='-lfltk2'
LINKFLTKGL='-lfltk2_gl'
LINKFLTKIMG='-lfltk2_images'
LINKSHARED='-L../lib -lfltk2_images -lfltk2'
LOCAL_IMAGELIBS=' ../lib/libfltk2_jpeg.a'
LOCAL_IMAGETARGETS=' images/libjpeg'
LTLIBOBJS=''
MAKEDEPEND='$(CXX) -MM'
NROFF='/usr/bin/nroff'
OBJEXT='o'
OPTIM='-g  -Wall -Wunused '
PACKAGE_BUGREPORT=''
PACKAGE_NAME=''
PACKAGE_STRING=''
PACKAGE_TARNAME=''
PACKAGE_VERSION=''
PATH_SEPARATOR=':'
POSTBUILD=':'
RANLIB='ranlib'
SHAREDSUFFIX=''
SHELL='/bin/bash'
THEMECOMMAND='${CXX} -shared -g  -o'
THREADS='threads'
X_CFLAGS=' -I/usr/include/X11'
X_EXTRA_LIBS=''
X_LIBS=' -L/usr/libraries/X11'
X_PRE_LIBS=' -lSM -lICE'
ZLIBINC=''
ac_ct_CC='gcc'
ac_ct_CXX='g++'
ac_ct_RANLIB='ranlib'
bindir='${exec_prefix}/bin'
build_alias=''
datadir='${prefix}/share'
exec_prefix='${prefix}'
host_alias=''
includedir='${prefix}/include'
infodir='${prefix}/info'
libdir='${exec_prefix}/lib'
libexecdir='${exec_prefix}/libexec'
localstatedir='${prefix}/var'
mandir='${prefix}/man'
oldincludedir='/usr/include'
prefix='/usr/local'
program_transform_name='s,x,x,'
sbindir='${exec_prefix}/sbin'
sharedstatedir='${prefix}/com'
sysconfdir='${prefix}/etc'
target_alias=''

## ----------- ##
## confdefs.h. ##
## ----------- ##

#define FLTK_DATADIR "/usr/local/share/fltk"
#define FLTK_DOCDIR "/usr/local/share/doc/fltk"
#define HAVE_DIRENT_H 1
#define HAVE_EXCEPTIONS 1
#define HAVE_GL 1
#define HAVE_GL_GLU_H 1
#define HAVE_INTTYPES_H 1
#define HAVE_LIBJPEG 1
#define HAVE_LIBPNG 1
#define HAVE_LIBPNG_PNG_H 1
#define HAVE_LIBPTHREAD 1
#define HAVE_LIBX11 1
#define HAVE_LIBZ 1
#define HAVE_LOCAL_JPEG_H 1
#define HAVE_MEMORY_H 1
#define HAVE_PNG_GET_VALID 1
#define HAVE_PNG_H 1
#define HAVE_PNG_SET_TRNS_TO_ALPHA 1
#define HAVE_PTHREAD 1
#define HAVE_PTHREAD_H 1
#define HAVE_RTTI 1
#define HAVE_SCANDIR 1
#define HAVE_SNPRINTF 1
#define HAVE_STDINT_H 1
#define HAVE_STDLIB_H 1
#define HAVE_STRCASECMP 1
#define HAVE_STRDUP 1
#define HAVE_STRINGS_H 1
#define HAVE_STRINGS_H 1
#define HAVE_STRING_H 1
#define HAVE_STRING_H 1
#define HAVE_STRNCASECMP 1
#define HAVE_SYS_SELECT_H 1
#define HAVE_SYS_STAT_H 1
#define HAVE_SYS_TYPES_H 1
#define HAVE_UNISTD_H 1
#define HAVE_VSNPRINTF 1
#define HAVE_XDBE 1
#define PACKAGE_BUGREPORT ""
#define PACKAGE_NAME ""
#define PACKAGE_STRING ""
#define PACKAGE_TARNAME ""
#define PACKAGE_VERSION ""
#define SIZEOF_INT 4
#define SIZEOF_LONG 4
#define SIZEOF_SHORT 2
#define STDC_HEADERS 1
#define U16 unsigned short
#define U32 unsigned
#endif
#ifdef __cplusplus
extern "C" void exit (int) throw ();

configure: exit 0
